{"level":"info","message":"listening on: 3017","timestamp":"2018-04-10T14:43:50.223Z"}
{"level":"info","message":"listening on: 3017","timestamp":"2018-04-10T14:45:03.245Z"}
{"level":"info","message":"listening on: 3017","timestamp":"2018-04-10T14:57:12.911Z"}
{"level":"info","message":"listening on: 3017","timestamp":"2018-04-10T15:00:02.991Z"}
{"level":"info","message":"listening on: 3017","timestamp":"2018-04-10T15:11:27.650Z"}
{"level":"info","message":"listening on: 3017","timestamp":"2018-04-10T15:28:10.441Z"}
{"level":"info","message":"listening on: 3017","timestamp":"2018-04-10T15:31:05.669Z"}
{"level":"info","message":"listening on: 3017","timestamp":"2018-04-10T15:33:53.762Z"}
{"level":"info","message":"listening on: 3017","timestamp":"2018-04-10T15:39:14.368Z"}
{"level":"info","message":"listening on: 3017","timestamp":"2018-04-10T15:42:57.535Z"}
{"level":"info","message":"a user connected","timestamp":"2018-04-10T15:43:22.294Z"}
{"level":"info","message":"user disconnected","timestamp":"2018-04-10T15:43:22.548Z"}
{"level":"info","message":"a user connected","timestamp":"2018-04-10T17:21:50.362Z"}
{"level":"info","message":"user disconnected","timestamp":"2018-04-10T18:04:27.342Z"}
{"level":"info","message":"a user connected","timestamp":"2018-04-10T18:19:08.374Z"}
{"level":"info","message":"listening on: 3017","timestamp":"2018-04-10T19:13:39.459Z"}
{"level":"info","message":"a user connected","timestamp":"2018-04-10T19:13:44.012Z"}
{"level":"info","message":"a user connected","timestamp":"2018-04-10T19:13:47.686Z"}
{"level":"info","message":"user disconnected","timestamp":"2018-04-10T19:13:47.928Z"}
{"level":"info","message":"a user connected","timestamp":"2018-04-10T19:13:56.167Z"}
{"level":"info","message":"user disconnected","timestamp":"2018-04-10T19:13:56.409Z"}
{"level":"info","message":"user disconnected","timestamp":"2018-04-10T19:15:09.027Z"}
{"level":"info","message":"listening on: 3017","timestamp":"2018-04-10T19:15:21.196Z"}
{"level":"info","message":"a user connected","timestamp":"2018-04-10T19:15:25.682Z"}
{"level":"info","message":"listening on: 3017","timestamp":"2018-04-10T19:15:35.183Z"}
{"level":"info","message":"a user connected","timestamp":"2018-04-10T19:15:35.758Z"}
{"level":"info","message":"user disconnected","timestamp":"2018-04-10T19:21:11.994Z"}
{"level":"info","message":"a user connected","timestamp":"2018-04-10T19:22:14.964Z"}
{"level":"info","message":"listening on: 3017","timestamp":"2018-04-10T19:40:16.979Z"}
{"level":"info","message":"a user connected","timestamp":"2018-04-10T19:40:18.902Z"}
{"level":"info","message":"user disconnected","timestamp":"2018-04-10T19:40:48.014Z"}
{"level":"info","message":"a user connected","timestamp":"2018-04-10T19:40:48.723Z"}
{"level":"info","message":"user disconnected","timestamp":"2018-04-10T19:40:48.973Z"}
{"level":"info","message":"listening on: 3017","timestamp":"2018-04-10T20:25:57.626Z"}
{"level":"info","message":"a user connected","timestamp":"2018-04-10T20:25:57.994Z"}
{"level":"info","message":"user disconnected","timestamp":"2018-04-10T20:26:03.952Z"}
{"level":"info","message":"a user connected","timestamp":"2018-04-10T20:26:04.466Z"}
{"level":"info","message":"user disconnected","timestamp":"2018-04-10T20:26:04.720Z"}
{"level":"info","message":"listening on: 3017","timestamp":"2018-04-11T07:27:58.496Z"}
{"level":"info","message":"a user connected","timestamp":"2018-04-11T07:28:08.344Z"}
{"level":"info","message":"user disconnected","timestamp":"2018-04-11T07:28:08.573Z"}
{"level":"info","message":"listening on: 3017","timestamp":"2018-04-11T07:30:08.290Z"}
{"level":"info","message":"a user connected","timestamp":"2018-04-11T07:30:09.032Z"}
{"level":"info","message":"user disconnected","timestamp":"2018-04-11T07:30:21.059Z"}
{"level":"info","message":"a user connected","timestamp":"2018-04-11T07:30:21.649Z"}
{"level":"info","message":"user disconnected","timestamp":"2018-04-11T07:30:21.888Z"}
{"level":"info","message":"listening on: 3017","timestamp":"2018-04-11T07:33:37.149Z"}
{"level":"info","message":"a user connected","timestamp":"2018-04-11T07:33:38.997Z"}
{"level":"info","message":"user disconnected","timestamp":"2018-04-11T07:33:50.906Z"}
{"level":"info","message":"a user connected","timestamp":"2018-04-11T07:33:51.358Z"}
{"level":"info","message":"request received","timestamp":"2018-04-11T07:34:39.664Z"}
{"level":"info","message":"Running RVT","timestamp":"2018-04-11T07:34:39.666Z"}
{"level":"info","message":"rm: No match.\n","timestamp":"2018-04-11T07:34:39.847Z"}
{"level":"info","message":"rm: No match.\n(","timestamp":"2018-04-11T07:34:39.855Z"}
{"level":"info","message":"listening on: 3017","timestamp":"2018-04-11T07:42:38.752Z"}
{"level":"info","message":"a user connected","timestamp":"2018-04-11T07:42:40.996Z"}
{"level":"info","message":"user disconnected","timestamp":"2018-04-11T07:42:45.180Z"}
{"level":"info","message":"a user connected","timestamp":"2018-04-11T07:42:45.708Z"}
{"level":"info","message":"request received","timestamp":"2018-04-11T07:42:55.042Z"}
{"level":"info","message":"Running RVT with: /home/rvt/build/rvt  /home/rvt/rvtweb/f2407930-3d5b-11e8-990c-e30ab9bb76aa/p1.c /home/rvt/rvtweb/f2407930-3d5b-11e8-990c-e30ab9bb76aa/p2.c","timestamp":"2018-04-11T07:42:55.044Z"}
{"level":"info","message":"rm: No match.\n","timestamp":"2018-04-11T07:42:55.192Z"}
{"level":"info","message":"rm: No match.\n(","timestamp":"2018-04-11T07:42:55.199Z"}
{"level":"info","message":"listening on: 3017","timestamp":"2018-04-11T07:46:34.306Z"}
{"level":"info","message":"a user connected","timestamp":"2018-04-11T07:46:34.608Z"}
{"level":"info","message":"listening on: 3017","timestamp":"2018-04-11T08:04:53.126Z"}
{"level":"info","message":"a user connected","timestamp":"2018-04-11T08:04:53.851Z"}
{"level":"info","message":"user disconnected","timestamp":"2018-04-11T08:05:00.119Z"}
{"level":"info","message":"a user connected","timestamp":"2018-04-11T08:05:01.417Z"}
{"level":"info","message":"sample requested: combine llreve bubble sort","timestamp":"2018-04-11T08:05:11.033Z"}
{"level":"info","message":"user disconnected","timestamp":"2018-04-11T08:05:11.037Z"}
{"level":"info","message":"listening on: 3017","timestamp":"2018-04-11T08:06:48.899Z"}
{"level":"info","message":"a user connected","timestamp":"2018-04-11T08:06:49.079Z"}
{"level":"info","message":"user disconnected","timestamp":"2018-04-11T08:06:53.122Z"}
{"level":"info","message":"a user connected","timestamp":"2018-04-11T08:06:54.314Z"}
{"level":"info","message":"sample requested: combine llreve bubble sort","timestamp":"2018-04-11T08:06:59.722Z"}
{"level":"info","message":"request received","timestamp":"2018-04-11T08:07:12.963Z"}
{"level":"info","message":"Dedicated folder created: /home/rvt/rvtweb/573d9040-3d5f-11e8-8941-5bcbb734d5de","timestamp":"2018-04-11T08:07:12.966Z"}
{"level":"info","message":"Running RVT with: /home/rvt/build/rvt  /home/rvt/rvtweb/573d9040-3d5f-11e8-8941-5bcbb734d5de/p1.c /home/rvt/rvtweb/573d9040-3d5f-11e8-8941-5bcbb734d5de/p2.c","timestamp":"2018-04-11T08:07:12.967Z"}
{"level":"info","message":"rm: No match.\n","timestamp":"2018-04-11T08:07:13.262Z"}
{"level":"info","message":"rm: No match.\nW","timestamp":"2018-04-11T08:07:13.284Z"}
{"level":"info","message":"rm: No match.\nWarning: allow UBS (-dk flag) for better check of functions with pointer argument(s).\n  in: Loop_bubble_sort_for1_for1 (side 0) \n","timestamp":"2018-04-11T08:07:13.291Z"}
{"level":"info","message":"rm: No match.\nWarning: allow UBS (-dk flag) for better check of functions with pointer argument(s).\n  in: Loop_bubble_sort_for1_for1 (side 0) \nIn file included from Loop_bubble_sort_for1_for1.rv.c:1:0:\nrv_declarations.h:13:7: warning: conflicting types for built-in function 'malloc'\n void* malloc(unsigned int);\r\n       ^\n","timestamp":"2018-04-11T08:07:13.328Z"}
{"level":"info","message":"rm: No match.\nWarning: allow UBS (-dk flag) for better check of functions with pointer argument(s).\n  in: Loop_bubble_sort_for1_for1 (side 0) \nIn file included from Loop_bubble_sort_for1_for1.rv.c:1:0:\nrv_declarations.h:13:7: warning: conflicting types for built-in function 'malloc'\n void* malloc(unsigned int);\r\n       ^\n( Loop_bubble_sort_for1_for1, Loop_bubble_sort_for1_for1 ) : passed\n","timestamp":"2018-04-11T08:07:16.338Z"}
{"level":"info","message":"rm: No match.\nWarning: allow UBS (-dk flag) for better check of functions with pointer argument(s).\n  in: Loop_bubble_sort_for1_for1 (side 0) \nIn file included from Loop_bubble_sort_for1_for1.rv.c:1:0:\nrv_declarations.h:13:7: warning: conflicting types for built-in function 'malloc'\n void* malloc(unsigned int);\r\n       ^\n( Loop_bubble_sort_for1_for1, Loop_bubble_sort_for1_for1 ) : passed\nIn file included from Loop_bubble_sort_for1.rv.c:1:0:\nrv_declarations.h:13:7: warning: conflicting types for built-in function 'malloc'\n void* malloc(unsigned int);\r\n       ^\n","timestamp":"2018-04-11T08:07:16.355Z"}
{"level":"info","message":"rm: No match.\nWarning: allow UBS (-dk flag) for better check of functions with pointer argument(s).\n  in: Loop_bubble_sort_for1_for1 (side 0) \nIn file included from Loop_bubble_sort_for1_for1.rv.c:1:0:\nrv_declarations.h:13:7: warning: conflicting types for built-in function 'malloc'\n void* malloc(unsigned int);\r\n       ^\n( Loop_bubble_sort_for1_for1, Loop_bubble_sort_for1_for1 ) : passed\nIn file included from Loop_bubble_sort_for1.rv.c:1:0:\nrv_declarations.h:13:7: warning: conflicting types for built-in function 'malloc'\n void* malloc(unsigned int);\r\n       ^\n( Loop_bubble_sort_for1, Loop_bubble_sort_for1 ) : passed\n( rv_mult_int__int_, rv_mult_int__int_ ) : passed\n( bubble_sort, bubble_sort ) : passed\n\nEXECUTING llreve.py -z3 /home/rvt/rvtweb/573d9040-3d5f-11e8-8941-5bcbb734d5de/p1.c /home/rvt/rvtweb/573d9040-3d5f-11e8-8941-5bcbb734d5de/p2.c -infer-marks -fun foo_funct","timestamp":"2018-04-11T08:07:16.774Z"}
{"level":"info","message":"rm: No match.\nWarning: allow UBS (-dk flag) for better check of functions with pointer argument(s).\n  in: Loop_bubble_sort_for1_for1 (side 0) \nIn file included from Loop_bubble_sort_for1_for1.rv.c:1:0:\nrv_declarations.h:13:7: warning: conflicting types for built-in function 'malloc'\n void* malloc(unsigned int);\r\n       ^\n( Loop_bubble_sort_for1_for1, Loop_bubble_sort_for1_for1 ) : passed\nIn file included from Loop_bubble_sort_for1.rv.c:1:0:\nrv_declarations.h:13:7: warning: conflicting types for built-in function 'malloc'\n void* malloc(unsigned int);\r\n       ^\n( Loop_bubble_sort_for1, Loop_bubble_sort_for1 ) : passed\n( rv_mult_int__int_, rv_mult_int__int_ ) : passed\n( bubble_sort, bubble_sort ) : passed\n\nEXECUTING llreve.py -z3 /home/rvt/rvtweb/573d9040-3d5f-11e8-8941-5bcbb734d5de/p1.c /home/rvt/rvtweb/573d9040-3d5f-11e8-8941-5bcbb734d5de/p2.c -infer-marks -fun foo_function --assume-equivalent=bubble_sort,bubble_sort\n\n( foo_function, foo_function ) : passed\n( main, main ) : passed\nOutput graph written to rv_out.gv\n","timestamp":"2018-04-11T08:07:16.938Z"}
{"level":"info","message":"RVT is done, sending result","timestamp":"2018-04-11T08:07:16.940Z"}
{"level":"info","message":"deleted temporary folder","timestamp":"2018-04-11T08:07:16.979Z"}
{"level":"info","message":"sample requested: Basecase not in sync","timestamp":"2018-04-11T08:09:33.359Z"}
{"level":"info","message":"request received","timestamp":"2018-04-11T08:09:43.616Z"}
{"level":"info","message":"Dedicated folder created: /home/rvt/rvtweb/b1096310-3d5f-11e8-8941-5bcbb734d5de","timestamp":"2018-04-11T08:09:43.617Z"}
{"level":"info","message":"Running RVT with: /home/rvt/build/rvt -sprtbase /home/rvt/rvtweb/b1096310-3d5f-11e8-8941-5bcbb734d5de/p1.c /home/rvt/rvtweb/b1096310-3d5f-11e8-8941-5bcbb734d5de/p2.c","timestamp":"2018-04-11T08:09:43.617Z"}
{"level":"info","message":"rm: No match.\n","timestamp":"2018-04-11T08:09:43.742Z"}
{"level":"info","message":"rm: No match.\n(","timestamp":"2018-04-11T08:09:43.749Z"}
{"level":"info","message":"listening on: 3017","timestamp":"2018-04-11T08:33:01.773Z"}
{"level":"info","message":"a user connected","timestamp":"2018-04-11T08:33:28.861Z"}
{"level":"info","message":"sample requested: combine llreve bubble sort","timestamp":"2018-04-11T08:33:41.644Z"}
{"level":"info","message":"request received","timestamp":"2018-04-11T08:34:10.844Z"}
{"level":"info","message":"Dedicated folder created: /home/rvt/rvtweb/1b929cd0-3d63-11e8-95e1-05bc1658f2c7","timestamp":"2018-04-11T08:34:10.847Z"}
{"level":"info","message":"Running RVT with: /home/rvt/build/rvt  /home/rvt/rvtweb/1b929cd0-3d63-11e8-95e1-05bc1658f2c7/p1.c /home/rvt/rvtweb/1b929cd0-3d63-11e8-95e1-05bc1658f2c7/p2.c","timestamp":"2018-04-11T08:34:10.849Z"}
{"level":"info","message":"rm: No match.\n","timestamp":"2018-04-11T08:34:11.145Z"}
{"level":"info","message":"rm: No match.\nW","timestamp":"2018-04-11T08:34:11.171Z"}
{"level":"info","message":"rm: No match.\nWarning: allow UBS (-dk flag) for better check of functions with pointer argument(s).\n  in: Loop_bubble_sort_for1_for1 (side 0) \n","timestamp":"2018-04-11T08:34:11.178Z"}
{"level":"info","message":"rm: No match.\nWarning: allow UBS (-dk flag) for better check of functions with pointer argument(s).\n  in: Loop_bubble_sort_for1_for1 (side 0) \nIn file included from Loop_bubble_sort_for1_for1.rv.c:1:0:\nrv_declarations.h:13:7: warning: conflicting types for built-in function 'malloc'\n void* malloc(unsigned int);\r\n       ^\n","timestamp":"2018-04-11T08:34:11.214Z"}
{"level":"info","message":"rm: No match.\nWarning: allow UBS (-dk flag) for better check of functions with pointer argument(s).\n  in: Loop_bubble_sort_for1_for1 (side 0) \nIn file included from Loop_bubble_sort_for1_for1.rv.c:1:0:\nrv_declarations.h:13:7: warning: conflicting types for built-in function 'malloc'\n void* malloc(unsigned int);\r\n       ^\n( Loop_bubble_sort_for1_for1, Loop_bubble_sort_for1_for1 ) : passed\n","timestamp":"2018-04-11T08:34:13.984Z"}
{"level":"info","message":"rm: No match.\nWarning: allow UBS (-dk flag) for better check of functions with pointer argument(s).\n  in: Loop_bubble_sort_for1_for1 (side 0) \nIn file included from Loop_bubble_sort_for1_for1.rv.c:1:0:\nrv_declarations.h:13:7: warning: conflicting types for built-in function 'malloc'\n void* malloc(unsigned int);\r\n       ^\n( Loop_bubble_sort_for1_for1, Loop_bubble_sort_for1_for1 ) : passed\nIn file included from Loop_bubble_sort_for1.rv.c:1:0:\nrv_declarations.h:13:7: warning: conflicting types for built-in function 'malloc'\n void* malloc(unsigned int);\r\n       ^\n","timestamp":"2018-04-11T08:34:14.001Z"}
{"level":"info","message":"rm: No match.\nWarning: allow UBS (-dk flag) for better check of functions with pointer argument(s).\n  in: Loop_bubble_sort_for1_for1 (side 0) \nIn file included from Loop_bubble_sort_for1_for1.rv.c:1:0:\nrv_declarations.h:13:7: warning: conflicting types for built-in function 'malloc'\n void* malloc(unsigned int);\r\n       ^\n( Loop_bubble_sort_for1_for1, Loop_bubble_sort_for1_for1 ) : passed\nIn file included from Loop_bubble_sort_for1.rv.c:1:0:\nrv_declarations.h:13:7: warning: conflicting types for built-in function 'malloc'\n void* malloc(unsigned int);\r\n       ^\n( Loop_bubble_sort_for1, Loop_bubble_sort_for1 ) : passed\n( rv_mult_int__int_, rv_mult_int__int_ ) : passed\n( bubble_sort, bubble_sort ) : passed\n\nEXECUTING llreve.py -z3 /home/rvt/rvtweb/1b929cd0-3d63-11e8-95e1-05bc1658f2c7/p1.c /home/rvt/rvtweb/1b929cd0-3d63-11e8-95e1-05bc1658f2c7/p2.c -infer-marks -fun foo_funct","timestamp":"2018-04-11T08:34:14.421Z"}
{"level":"info","message":"rm: No match.\nWarning: allow UBS (-dk flag) for better check of functions with pointer argument(s).\n  in: Loop_bubble_sort_for1_for1 (side 0) \nIn file included from Loop_bubble_sort_for1_for1.rv.c:1:0:\nrv_declarations.h:13:7: warning: conflicting types for built-in function 'malloc'\n void* malloc(unsigned int);\r\n       ^\n( Loop_bubble_sort_for1_for1, Loop_bubble_sort_for1_for1 ) : passed\nIn file included from Loop_bubble_sort_for1.rv.c:1:0:\nrv_declarations.h:13:7: warning: conflicting types for built-in function 'malloc'\n void* malloc(unsigned int);\r\n       ^\n( Loop_bubble_sort_for1, Loop_bubble_sort_for1 ) : passed\n( rv_mult_int__int_, rv_mult_int__int_ ) : passed\n( bubble_sort, bubble_sort ) : passed\n\nEXECUTING llreve.py -z3 /home/rvt/rvtweb/1b929cd0-3d63-11e8-95e1-05bc1658f2c7/p1.c /home/rvt/rvtweb/1b929cd0-3d63-11e8-95e1-05bc1658f2c7/p2.c -infer-marks -fun foo_function --assume-equivalent=bubble_sort,bubble_sort\n\n( foo_function, foo_function ) : passed\n( main, main ) : passed\nOutput graph written to rv_out.gv\n","timestamp":"2018-04-11T08:34:14.590Z"}
{"level":"info","message":"RVT is done, sending result","timestamp":"2018-04-11T08:34:14.591Z"}
{"level":"info","message":"deleted temporary folder","timestamp":"2018-04-11T08:34:14.630Z"}
{"level":"info","message":"sample requested: Basecase not in sync","timestamp":"2018-04-11T08:37:47.969Z"}
{"level":"info","message":"request received","timestamp":"2018-04-11T08:37:52.932Z"}
{"level":"info","message":"Dedicated folder created: /home/rvt/rvtweb/9ff26640-3d63-11e8-95e1-05bc1658f2c7","timestamp":"2018-04-11T08:37:52.932Z"}
{"level":"info","message":"Running RVT with: /home/rvt/build/rvt  /home/rvt/rvtweb/9ff26640-3d63-11e8-95e1-05bc1658f2c7/p1.c /home/rvt/rvtweb/9ff26640-3d63-11e8-95e1-05bc1658f2c7/p2.c","timestamp":"2018-04-11T08:37:52.933Z"}
{"level":"info","message":"rm: No match.\n","timestamp":"2018-04-11T08:37:53.060Z"}
{"level":"info","message":"rm: No match.\n(","timestamp":"2018-04-11T08:37:53.069Z"}
{"level":"info","message":"sample requested: combine llreve bubble sort","timestamp":"2018-04-11T08:38:01.617Z"}
{"level":"info","message":"request received","timestamp":"2018-04-11T08:38:04.870Z"}
{"level":"info","message":"Dedicated folder created: /home/rvt/rvtweb/a70ffe60-3d63-11e8-95e1-05bc1658f2c7","timestamp":"2018-04-11T08:38:04.871Z"}
{"level":"info","message":"Running RVT with: /home/rvt/build/rvt  /home/rvt/rvtweb/a70ffe60-3d63-11e8-95e1-05bc1658f2c7/p1.c /home/rvt/rvtweb/a70ffe60-3d63-11e8-95e1-05bc1658f2c7/p2.c","timestamp":"2018-04-11T08:38:04.871Z"}
{"level":"info","message":"rm: No match.\n","timestamp":"2018-04-11T08:38:05.029Z"}
{"level":"info","message":"rm: No match.\nW","timestamp":"2018-04-11T08:38:05.039Z"}
{"level":"info","message":"rm: No match.\nWarning: allow UBS (-dk flag) for better check of functions with pointer argument(s).\n  in: Loop_bubble_sort_for1_for1 (side 0) \n","timestamp":"2018-04-11T08:38:05.042Z"}
{"level":"info","message":"rm: No match.\nWarning: allow UBS (-dk flag) for better check of functions with pointer argument(s).\n  in: Loop_bubble_sort_for1_for1 (side 0) \nIn file included from Loop_bubble_sort_for1_for1.rv.c:1:0:\nrv_declarations.h:13:7: warning: conflicting types for built-in function 'malloc'\n void* malloc(unsigned int);\r\n       ^\n","timestamp":"2018-04-11T08:38:05.059Z"}
{"level":"info","message":"rm: No match.\nWarning: allow UBS (-dk flag) for better check of functions with pointer argument(s).\n  in: Loop_bubble_sort_for1_for1 (side 0) \nIn file included from Loop_bubble_sort_for1_for1.rv.c:1:0:\nrv_declarations.h:13:7: warning: conflicting types for built-in function 'malloc'\n void* malloc(unsigned int);\r\n       ^\n( Loop_bubble_sort_for1_for1, Loop_bubble_sort_for1_for1 ) : passed\n","timestamp":"2018-04-11T08:38:07.954Z"}
{"level":"info","message":"rm: No match.\nWarning: allow UBS (-dk flag) for better check of functions with pointer argument(s).\n  in: Loop_bubble_sort_for1_for1 (side 0) \nIn file included from Loop_bubble_sort_for1_for1.rv.c:1:0:\nrv_declarations.h:13:7: warning: conflicting types for built-in function 'malloc'\n void* malloc(unsigned int);\r\n       ^\n( Loop_bubble_sort_for1_for1, Loop_bubble_sort_for1_for1 ) : passed\nIn file included from Loop_bubble_sort_for1.rv.c:1:0:\nrv_declarations.h:13:7: warning: conflicting types for built-in function 'malloc'\n void* malloc(unsigned int);\r\n       ^\n","timestamp":"2018-04-11T08:38:07.971Z"}
{"level":"info","message":"rm: No match.\nWarning: allow UBS (-dk flag) for better check of functions with pointer argument(s).\n  in: Loop_bubble_sort_for1_for1 (side 0) \nIn file included from Loop_bubble_sort_for1_for1.rv.c:1:0:\nrv_declarations.h:13:7: warning: conflicting types for built-in function 'malloc'\n void* malloc(unsigned int);\r\n       ^\n( Loop_bubble_sort_for1_for1, Loop_bubble_sort_for1_for1 ) : passed\nIn file included from Loop_bubble_sort_for1.rv.c:1:0:\nrv_declarations.h:13:7: warning: conflicting types for built-in function 'malloc'\n void* malloc(unsigned int);\r\n       ^\n( Loop_bubble_sort_for1, Loop_bubble_sort_for1 ) : passed\n( rv_mult_int__int_, rv_mult_int__int_ ) : passed\n( bubble_sort, bubble_sort ) : passed\n\nEXECUTING llreve.py -z3 /home/rvt/rvtweb/a70ffe60-3d63-11e8-95e1-05bc1658f2c7/p1.c /home/rvt/rvtweb/a70ffe60-3d63-11e8-95e1-05bc1658f2c7/p2.c -infer-marks -fun foo_funct","timestamp":"2018-04-11T08:38:08.411Z"}
{"level":"info","message":"rm: No match.\nWarning: allow UBS (-dk flag) for better check of functions with pointer argument(s).\n  in: Loop_bubble_sort_for1_for1 (side 0) \nIn file included from Loop_bubble_sort_for1_for1.rv.c:1:0:\nrv_declarations.h:13:7: warning: conflicting types for built-in function 'malloc'\n void* malloc(unsigned int);\r\n       ^\n( Loop_bubble_sort_for1_for1, Loop_bubble_sort_for1_for1 ) : passed\nIn file included from Loop_bubble_sort_for1.rv.c:1:0:\nrv_declarations.h:13:7: warning: conflicting types for built-in function 'malloc'\n void* malloc(unsigned int);\r\n       ^\n( Loop_bubble_sort_for1, Loop_bubble_sort_for1 ) : passed\n( rv_mult_int__int_, rv_mult_int__int_ ) : passed\n( bubble_sort, bubble_sort ) : passed\n\nEXECUTING llreve.py -z3 /home/rvt/rvtweb/a70ffe60-3d63-11e8-95e1-05bc1658f2c7/p1.c /home/rvt/rvtweb/a70ffe60-3d63-11e8-95e1-05bc1658f2c7/p2.c -infer-marks -fun foo_function --assume-equivalent=bubble_sort,bubble_sort\n\n( foo_function, foo_function ) : passed\n( main, main ) : passed\nOutput graph written to rv_out.gv\n","timestamp":"2018-04-11T08:38:08.903Z"}
{"level":"info","message":"RVT is done, sending result","timestamp":"2018-04-11T08:38:08.904Z"}
{"level":"info","message":"deleted temporary folder","timestamp":"2018-04-11T08:38:08.919Z"}
{"level":"info","message":"listening on: 3017","timestamp":"2018-04-11T09:00:01.120Z"}
{"level":"info","message":"a user connected","timestamp":"2018-04-11T09:00:01.335Z"}
{"level":"info","message":"sample requested: Basecase not in sync","timestamp":"2018-04-11T09:00:37.127Z"}
{"level":"info","message":"request received","timestamp":"2018-04-11T09:00:44.540Z"}
{"level":"info","message":"Dedicated folder created: /home/rvt/rvtweb/d17d2bc0-3d66-11e8-be9f-2198b2796b54","timestamp":"2018-04-11T09:00:44.541Z"}
{"level":"info","message":"Running RVT with: /home/rvt/build/rvt  /home/rvt/rvtweb/d17d2bc0-3d66-11e8-be9f-2198b2796b54/p1.c /home/rvt/rvtweb/d17d2bc0-3d66-11e8-be9f-2198b2796b54/p2.c","timestamp":"2018-04-11T09:00:44.542Z"}
{"level":"error","message":"rm: No match.\n","timestamp":"2018-04-11T09:00:44.672Z"}
{"level":"error","message":"rm: No match.\n(","timestamp":"2018-04-11T09:00:44.679Z"}
{"level":"info","message":"sample requested: Bubble sort","timestamp":"2018-04-11T09:01:00.419Z"}
{"level":"info","message":"request received","timestamp":"2018-04-11T09:01:02.786Z"}
{"level":"info","message":"Dedicated folder created: /home/rvt/rvtweb/dc5d4a20-3d66-11e8-be9f-2198b2796b54","timestamp":"2018-04-11T09:01:02.787Z"}
{"level":"info","message":"Running RVT with: /home/rvt/build/rvt     /home/rvt/rvtweb/dc5d4a20-3d66-11e8-be9f-2198b2796b54/p1.c /home/rvt/rvtweb/dc5d4a20-3d66-11e8-be9f-2198b2796b54/p2.c","timestamp":"2018-04-11T09:01:02.787Z"}
{"level":"error","message":"I","timestamp":"2018-04-11T09:01:02.917Z"}
{"level":"error","message":"Internal: j(needed by \"Loop_bubble_sort_for1_for1\") is not a global symbol,\n  but is not defined in caller's (\"Loop_bubble_sort_for1\") prototype arguments or internal scope !\n  at: \"/home/rvt/rvtweb/dc5d4a20-3d66-11e8-be9f-2198b2796b54/p1.c\", 9, 8 \nInternal: j(needed by \"Loop_bubble_sort_for1_for1\") is not a global symbol,\n  but is not defined in caller's (\"Loop_bubble_sort_for1\") prototype arguments or internal scope !\n  at: \"/home/rvt/rvtweb/dc5d4a20-3d66-11e8-be9f-2198b2796b54/p2.c\", 9, 8 \n","timestamp":"2018-04-11T09:01:02.926Z"}
{"level":"error","message":"Internal: j(needed by \"Loop_bubble_sort_for1_for1\") is not a global symbol,\n  but is not defined in caller's (\"Loop_bubble_sort_for1\") prototype arguments or internal scope !\n  at: \"/home/rvt/rvtweb/dc5d4a20-3d66-11e8-be9f-2198b2796b54/p1.c\", 9, 8 \nInternal: j(needed by \"Loop_bubble_sort_for1_for1\") is not a global symbol,\n  but is not defined in caller's (\"Loop_bubble_sort_for1\") prototype arguments or internal scope !\n  at: \"/home/rvt/rvtweb/dc5d4a20-3d66-11e8-be9f-2198b2796b54/p2.c\", 9, 8 \nrm: No match.\n","timestamp":"2018-04-11T09:01:02.935Z"}
{"level":"error","message":"Internal: j(needed by \"Loop_bubble_sort_for1_for1\") is not a global symbol,\n  but is not defined in caller's (\"Loop_bubble_sort_for1\") prototype arguments or internal scope !\n  at: \"/home/rvt/rvtweb/dc5d4a20-3d66-11e8-be9f-2198b2796b54/p1.c\", 9, 8 \nInternal: j(needed by \"Loop_bubble_sort_for1_for1\") is not a global symbol,\n  but is not defined in caller's (\"Loop_bubble_sort_for1\") prototype arguments or internal scope !\n  at: \"/home/rvt/rvtweb/dc5d4a20-3d66-11e8-be9f-2198b2796b54/p2.c\", 9, 8 \nrm: No match.\nWarning: allow ","timestamp":"2018-04-11T09:01:02.946Z"}
{"level":"error","message":"Internal: j(needed by \"Loop_bubble_sort_for1_for1\") is not a global symbol,\n  but is not defined in caller's (\"Loop_bubble_sort_for1\") prototype arguments or internal scope !\n  at: \"/home/rvt/rvtweb/dc5d4a20-3d66-11e8-be9f-2198b2796b54/p1.c\", 9, 8 \nInternal: j(needed by \"Loop_bubble_sort_for1_for1\") is not a global symbol,\n  but is not defined in caller's (\"Loop_bubble_sort_for1\") prototype arguments or internal scope !\n  at: \"/home/rvt/rvtweb/dc5d4a20-3d66-11e8-be9f-2198b2796b54/p2.c\", 9, 8 \nrm: No match.\nWarning: allow UBS (-dk flag) for better check of functions with pointer argument(s).\n  in: Loop_bubble_sort_for1_for1 (side 0) \n","timestamp":"2018-04-11T09:01:02.949Z"}
{"level":"error","message":"Internal: j(needed by \"Loop_bubble_sort_for1_for1\") is not a global symbol,\n  but is not defined in caller's (\"Loop_bubble_sort_for1\") prototype arguments or internal scope !\n  at: \"/home/rvt/rvtweb/dc5d4a20-3d66-11e8-be9f-2198b2796b54/p1.c\", 9, 8 \nInternal: j(needed by \"Loop_bubble_sort_for1_for1\") is not a global symbol,\n  but is not defined in caller's (\"Loop_bubble_sort_for1\") prototype arguments or internal scope !\n  at: \"/home/rvt/rvtweb/dc5d4a20-3d66-11e8-be9f-2198b2796b54/p2.c\", 9, 8 \nrm: No match.\nWarning: allow UBS (-dk flag) for better check of functions with pointer argument(s).\n  in: Loop_bubble_sort_for1_for1 (side 0) \nIn file included from Loop_bubble_sort_for1_for1.rv.c:1:0:\nrv_declarations.h:13:7: warning: conflicting types for built-in function 'malloc'\n void* malloc(unsigned int);\r\n       ^\n","timestamp":"2018-04-11T09:01:02.972Z"}
{"level":"error","message":"Internal: j(needed by \"Loop_bubble_sort_for1_for1\") is not a global symbol,\n  but is not defined in caller's (\"Loop_bubble_sort_for1\") prototype arguments or internal scope !\n  at: \"/home/rvt/rvtweb/dc5d4a20-3d66-11e8-be9f-2198b2796b54/p1.c\", 9, 8 \nInternal: j(needed by \"Loop_bubble_sort_for1_for1\") is not a global symbol,\n  but is not defined in caller's (\"Loop_bubble_sort_for1\") prototype arguments or internal scope !\n  at: \"/home/rvt/rvtweb/dc5d4a20-3d66-11e8-be9f-2198b2796b54/p2.c\", 9, 8 \nrm: No match.\nWarning: allow UBS (-dk flag) for better check of functions with pointer argument(s).\n  in: Loop_bubble_sort_for1_for1 (side 0) \nIn file included from Loop_bubble_sort_for1_for1.rv.c:1:0:\nrv_declarations.h:13:7: warning: conflicting types for built-in function 'malloc'\n void* malloc(unsigned int);\r\n       ^\n( Loop_bubble_sort_for1_for1, Loop_bubble_sort_for1_for1 ) : passed\n","timestamp":"2018-04-11T09:01:03.420Z"}
{"level":"error","message":"Internal: j(needed by \"Loop_bubble_sort_for1_for1\") is not a global symbol,\n  but is not defined in caller's (\"Loop_bubble_sort_for1\") prototype arguments or internal scope !\n  at: \"/home/rvt/rvtweb/dc5d4a20-3d66-11e8-be9f-2198b2796b54/p1.c\", 9, 8 \nInternal: j(needed by \"Loop_bubble_sort_for1_for1\") is not a global symbol,\n  but is not defined in caller's (\"Loop_bubble_sort_for1\") prototype arguments or internal scope !\n  at: \"/home/rvt/rvtweb/dc5d4a20-3d66-11e8-be9f-2198b2796b54/p2.c\", 9, 8 \nrm: No match.\nWarning: allow UBS (-dk flag) for better check of functions with pointer argument(s).\n  in: Loop_bubble_sort_for1_for1 (side 0) \nIn file included from Loop_bubble_sort_for1_for1.rv.c:1:0:\nrv_declarations.h:13:7: warning: conflicting types for built-in function 'malloc'\n void* malloc(unsigned int);\r\n       ^\n( Loop_bubble_sort_for1_for1, Loop_bubble_sort_for1_for1 ) : passed\nIn file included from Loop_bubble_sort_for1.rv.c:1:0:\nrv_declarations.h:13:7: warning: conflicting types for built-in function 'malloc'\n void* malloc(unsigned int);\r\n       ^\n","timestamp":"2018-04-11T09:01:03.441Z"}
{"level":"error","message":"Internal: j(needed by \"Loop_bubble_sort_for1_for1\") is not a global symbol,\n  but is not defined in caller's (\"Loop_bubble_sort_for1\") prototype arguments or internal scope !\n  at: \"/home/rvt/rvtweb/dc5d4a20-3d66-11e8-be9f-2198b2796b54/p1.c\", 9, 8 \nInternal: j(needed by \"Loop_bubble_sort_for1_for1\") is not a global symbol,\n  but is not defined in caller's (\"Loop_bubble_sort_for1\") prototype arguments or internal scope !\n  at: \"/home/rvt/rvtweb/dc5d4a20-3d66-11e8-be9f-2198b2796b54/p2.c\", 9, 8 \nrm: No match.\nWarning: allow UBS (-dk flag) for better check of functions with pointer argument(s).\n  in: Loop_bubble_sort_for1_for1 (side 0) \nIn file included from Loop_bubble_sort_for1_for1.rv.c:1:0:\nrv_declarations.h:13:7: warning: conflicting types for built-in function 'malloc'\n void* malloc(unsigned int);\r\n       ^\n( Loop_bubble_sort_for1_for1, Loop_bubble_sort_for1_for1 ) : passed\nIn file included from Loop_bubble_sort_for1.rv.c:1:0:\nrv_declarations.h:13:7: warning: conflicting types for built-in function 'malloc'\n void* malloc(unsigned int);\r\n       ^\n( Loop_bubble_sort_for1, Loop_bubble_sort_for1 ) : passed\n\nEXECUTING llreve.py -z3 /home/rvt/rvtweb/dc5d4a20-3d66-11e8-be9f-2198b2796b54/p1.c /home/rvt/rvtweb/dc5d4a20-3d66-11e8-be9f-2198b2796b54/p2.c -infer-marks -fun init_array\n\n( init_array, init_array ) : passed\n( bubble_sort, bubble_sort ) : passed\n\nEXECUTING llreve.py -z3 ","timestamp":"2018-04-11T09:01:04.252Z"}
{"level":"error","message":"Internal: j(needed by \"Loop_bubble_sort_for1_for1\") is not a global symbol,\n  but is not defined in caller's (\"Loop_bubble_sort_for1\") prototype arguments or internal scope !\n  at: \"/home/rvt/rvtweb/dc5d4a20-3d66-11e8-be9f-2198b2796b54/p1.c\", 9, 8 \nInternal: j(needed by \"Loop_bubble_sort_for1_for1\") is not a global symbol,\n  but is not defined in caller's (\"Loop_bubble_sort_for1\") prototype arguments or internal scope !\n  at: \"/home/rvt/rvtweb/dc5d4a20-3d66-11e8-be9f-2198b2796b54/p2.c\", 9, 8 \nrm: No match.\nWarning: allow UBS (-dk flag) for better check of functions with pointer argument(s).\n  in: Loop_bubble_sort_for1_for1 (side 0) \nIn file included from Loop_bubble_sort_for1_for1.rv.c:1:0:\nrv_declarations.h:13:7: warning: conflicting types for built-in function 'malloc'\n void* malloc(unsigned int);\r\n       ^\n( Loop_bubble_sort_for1_for1, Loop_bubble_sort_for1_for1 ) : passed\nIn file included from Loop_bubble_sort_for1.rv.c:1:0:\nrv_declarations.h:13:7: warning: conflicting types for built-in function 'malloc'\n void* malloc(unsigned int);\r\n       ^\n( Loop_bubble_sort_for1, Loop_bubble_sort_for1 ) : passed\n\nEXECUTING llreve.py -z3 /home/rvt/rvtweb/dc5d4a20-3d66-11e8-be9f-2198b2796b54/p1.c /home/rvt/rvtweb/dc5d4a20-3d66-11e8-be9f-2198b2796b54/p2.c -infer-marks -fun init_array\n\n( init_array, init_array ) : passed\n( bubble_sort, bubble_sort ) : passed\n\nEXECUTING llreve.py -z3 /home/rvt/rvtweb/dc5d4a20-3d66-11e8-be9f-2198b2796b54/p1.c /home/rvt/rvtweb/dc5d4a20-3d66-11e8-be9f-2198b2796b54/p2.c -infer-marks -fun main --assume-equivalent=init_array,init_array --assume-equivalent=bubble_sort,bubble_sort\n\n( main, main ) : passed\nOutput graph written to rv_out.gv\n","timestamp":"2018-04-11T09:01:04.607Z"}
{"level":"info","message":"RVT is done, sending result","timestamp":"2018-04-11T09:01:04.609Z"}
{"level":"info","message":"deleted temporary folder","timestamp":"2018-04-11T09:01:04.635Z"}
{"level":"info","message":"listening on: 3017","timestamp":"2018-06-20T22:45:26.341Z"}
{"level":"info","message":"a user connected","timestamp":"2018-06-20T22:45:51.372Z"}
{"level":"info","message":"request received","timestamp":"2018-06-20T22:45:55.343Z"}
{"level":"info","message":"Dedicated folder created: /home/rvt/rvtweb/b124f810-74db-11e8-b145-0d16337f2f44","timestamp":"2018-06-20T22:45:55.348Z"}
{"level":"info","message":"Running RVT with: /home/rvt/build/rvt -sprtbase /home/rvt/rvtweb/b124f810-74db-11e8-b145-0d16337f2f44/p1.c /home/rvt/rvtweb/b124f810-74db-11e8-b145-0d16337f2f44/p2.c","timestamp":"2018-06-20T22:45:55.349Z"}
{"level":"error","message":"rm: No match.\n","timestamp":"2018-06-20T22:45:57.135Z"}
{"level":"error","message":"rm: No match.\n(","timestamp":"2018-06-20T22:45:57.301Z"}
{"level":"info","message":"listening on: 3017","timestamp":"2018-06-20T22:48:07.980Z"}
{"level":"info","message":"a user connected","timestamp":"2018-06-20T22:48:19.334Z"}
{"level":"info","message":"sample requested: gcd","timestamp":"2018-06-20T22:48:34.892Z"}
{"level":"info","message":"request received","timestamp":"2018-06-20T22:48:37.373Z"}
{"level":"info","message":"Dedicated folder created: /home/rvt/rvtweb/11b8a1e0-74dc-11e8-9289-1915984c2ee5","timestamp":"2018-06-20T22:48:37.377Z"}
{"level":"info","message":"Running RVT with: /home/rvt/build/rvt     /home/rvt/rvtweb/11b8a1e0-74dc-11e8-9289-1915984c2ee5/p1.c /home/rvt/rvtweb/11b8a1e0-74dc-11e8-9289-1915984c2ee5/p2.c","timestamp":"2018-06-20T22:48:37.378Z"}
{"level":"error","message":"rm: No match.\n","timestamp":"2018-06-20T22:48:37.643Z"}
{"level":"error","message":"rm: No match.\n(","timestamp":"2018-06-20T22:48:37.661Z"}
{"level":"error","message":"rm: No match.\n( rv_mod_short__short_, rv_mod_short__short_ ) : passed\n( swap, swap ) : passed\n( Loop_gcd_while1, Loop_gcd_while1 ) : passed\n( gcd, gcd ) : passed\n( main, main ) : passed\nOutput graph written to rv_out.gv\n","timestamp":"2018-06-20T22:48:37.662Z"}
{"level":"info","message":"RVT is done, sending result","timestamp":"2018-06-20T22:48:37.665Z"}
{"level":"info","message":"deleted temporary folder","timestamp":"2018-06-20T22:48:37.743Z"}
{"level":"info","message":"sample requested: Basecase not in sync","timestamp":"2018-06-20T22:49:08.801Z"}
{"level":"info","message":"request received","timestamp":"2018-06-20T22:49:13.357Z"}
{"level":"info","message":"Dedicated folder created: /home/rvt/rvtweb/272b5ae0-74dc-11e8-9289-1915984c2ee5","timestamp":"2018-06-20T22:49:13.359Z"}
{"level":"info","message":"Running RVT with: /home/rvt/build/rvt -sprtbase /home/rvt/rvtweb/272b5ae0-74dc-11e8-9289-1915984c2ee5/p1.c /home/rvt/rvtweb/272b5ae0-74dc-11e8-9289-1915984c2ee5/p2.c","timestamp":"2018-06-20T22:49:13.359Z"}
{"level":"error","message":"rm: No match.\n","timestamp":"2018-06-20T22:49:13.608Z"}
{"level":"error","message":"rm: No match.\n(","timestamp":"2018-06-20T22:49:13.624Z"}
